Build started 3/7/2013 11:22:39 AM.
     1>Project "C:\Users\Mike.Murray\Documents\Visual Studio 2010\Projects\m_murray_RomanNumeral\m_murray_RomanNumeral\m_murray_RomanNumeral.vcxproj" on node 2 (build target(s)).
     1>InitializeBuildStatus:
         Touching "Debug\m_murray_RomanNumeral.unsuccessfulbuild".
       ClCompile:
         c:\Program Files (x86)\Microsoft Visual Studio 10.0\VC\bin\CL.exe /c /ZI /nologo /W3 /WX- /Od /Oy- /D WIN32 /D _DEBUG /D _CONSOLE /D _UNICODE /D UNICODE /Gm /EHsc /RTC1 /MDd /GS /fp:precise /Zc:wchar_t /Zc:forScope /Fo"Debug\\" /Fd"Debug\vc100.pdb" /Gd /TP /analyze- /errorReport:prompt roman.cpp
         roman.cpp
       ManifestResourceCompile:
         All outputs are up-to-date.
       Link:
         c:\Program Files (x86)\Microsoft Visual Studio 10.0\VC\bin\link.exe /ERRORREPORT:PROMPT /OUT:"C:\Users\Mike.Murray\Documents\Visual Studio 2010\Projects\m_murray_RomanNumeral\Debug\m_murray_RomanNumeral.exe" /INCREMENTAL /NOLOGO kernel32.lib user32.lib gdi32.lib winspool.lib comdlg32.lib advapi32.lib shell32.lib ole32.lib oleaut32.lib uuid.lib odbc32.lib odbccp32.lib /MANIFEST /ManifestFile:"Debug\m_murray_RomanNumeral.exe.intermediate.manifest" /MANIFESTUAC:"level='asInvoker' uiAccess='false'" /DEBUG /PDB:"C:\Users\Mike.Murray\Documents\Visual Studio 2010\Projects\m_murray_RomanNumeral\Debug\m_murray_RomanNumeral.pdb" /SUBSYSTEM:CONSOLE /TLBID:1 /DYNAMICBASE /NXCOMPAT /IMPLIB:"C:\Users\Mike.Murray\Documents\Visual Studio 2010\Projects\m_murray_RomanNumeral\Debug\m_murray_RomanNumeral.lib" /MACHINE:X86 Debug\m_murray_RomanNumeral.exe.embed.manifest.res
         Debug\roman.obj
         Debug\roman_main.obj
       Manifest:
         C:\Program Files (x86)\Microsoft SDKs\Windows\v7.0A\bin\mt.exe /nologo /verbose /out:"Debug\m_murray_RomanNumeral.exe.embed.manifest" /manifest Debug\m_murray_RomanNumeral.exe.intermediate.manifest
         All outputs are up-to-date.
       LinkEmbedManifest:
         All outputs are up-to-date.
         m_murray_RomanNumeral.vcxproj -> C:\Users\Mike.Murray\Documents\Visual Studio 2010\Projects\m_murray_RomanNumeral\Debug\m_murray_RomanNumeral.exe
       FinalizeBuildStatus:
         Deleting file "Debug\m_murray_RomanNumeral.unsuccessfulbuild".
         Touching "Debug\m_murray_RomanNumeral.lastbuildstate".
     1>Done Building Project "C:\Users\Mike.Murray\Documents\Visual Studio 2010\Projects\m_murray_RomanNumeral\m_murray_RomanNumeral\m_murray_RomanNumeral.vcxproj" (build target(s)).

Build succeeded.

Time Elapsed 00:00:01.46
